{"level":"info","ts":1640300648.892403,"caller":"employee/main.go:63","msg":"Starting server..."}
{"level":"info","ts":1640300726.107497,"caller":"middleware/logger.go:31","msg":"","status":200,"method":"GET","endpoint":"/employees/0","duration_ms":0.000295959,"human_readable_duration":"296.042µs"}
{"level":"info","ts":1640300730.2026649,"caller":"middleware/logger.go:31","msg":"","status":200,"method":"GET","endpoint":"/employees/1","duration_ms":0.000009791,"human_readable_duration":"9.833µs"}
{"level":"info","ts":1640300732.597255,"caller":"middleware/logger.go:31","msg":"","status":200,"method":"GET","endpoint":"/employees/0","duration_ms":0.000042041,"human_readable_duration":"42.125µs"}
{"level":"info","ts":1640300734.762953,"caller":"middleware/logger.go:31","msg":"","status":200,"method":"GET","endpoint":"/employees/1","duration_ms":0.000040958,"human_readable_duration":"41.042µs"}
{"level":"info","ts":1640300736.9367628,"caller":"middleware/logger.go:31","msg":"","status":200,"method":"GET","endpoint":"/employees/0","duration_ms":0.000041084,"human_readable_duration":"41.167µs"}
{"level":"info","ts":1640300738.594074,"caller":"middleware/logger.go:31","msg":"","status":200,"method":"GET","endpoint":"/employees/1","duration_ms":0.000043542,"human_readable_duration":"43.875µs"}
{"level":"info","ts":1640300740.881533,"caller":"middleware/logger.go:31","msg":"","status":200,"method":"GET","endpoint":"/employees/1","duration_ms":0.000016292,"human_readable_duration":"16.375µs"}
{"level":"info","ts":1640300742.1755898,"caller":"middleware/logger.go:31","msg":"","status":200,"method":"GET","endpoint":"/employees/1","duration_ms":0.00002175,"human_readable_duration":"21.833µs"}
{"level":"info","ts":1640300745.1547189,"caller":"middleware/logger.go:31","msg":"","status":200,"method":"GET","endpoint":"/employees/0","duration_ms":0.000016208,"human_readable_duration":"16.25µs"}
{"level":"info","ts":1640300748.338038,"caller":"middleware/logger.go:31","msg":"","status":400,"method":"GET","endpoint":"/employees/abv","duration_ms":0.000020083,"human_readable_duration":"20.292µs"}
{"level":"info","ts":1640300754.8345249,"caller":"middleware/logger.go:31","msg":"","status":200,"method":"GET","endpoint":"/employees/1","duration_ms":0.000028291,"human_readable_duration":"28.375µs"}
{"level":"info","ts":1640300756.818382,"caller":"middleware/logger.go:31","msg":"","status":404,"method":"GET","endpoint":"/employees/2","duration_ms":0.000030458,"human_readable_duration":"30.542µs"}
{"level":"info","ts":1640300760.9759328,"caller":"middleware/logger.go:31","msg":"","status":200,"method":"GET","endpoint":"/employees/1","duration_ms":0.0000445,"human_readable_duration":"44.583µs"}
{"level":"info","ts":1640300764.055066,"caller":"middleware/logger.go:31","msg":"","status":200,"method":"GET","endpoint":"/employees/0","duration_ms":0.000016292,"human_readable_duration":"16.458µs"}
{"level":"info","ts":1640300764.848958,"caller":"middleware/logger.go:31","msg":"","status":200,"method":"GET","endpoint":"/employees/0","duration_ms":0.000035459,"human_readable_duration":"35.542µs"}
{"level":"info","ts":1640300765.541475,"caller":"middleware/logger.go:31","msg":"","status":200,"method":"GET","endpoint":"/employees/0","duration_ms":0.000022458,"human_readable_duration":"22.583µs"}
{"level":"info","ts":1640300766.192846,"caller":"middleware/logger.go:31","msg":"","status":200,"method":"GET","endpoint":"/employees/0","duration_ms":0.000020583,"human_readable_duration":"20.667µs"}
{"level":"info","ts":1640300768.063613,"caller":"middleware/logger.go:31","msg":"","status":200,"method":"GET","endpoint":"/employees/1","duration_ms":0.00002825,"human_readable_duration":"28.375µs"}
{"level":"info","ts":1640300768.7565708,"caller":"middleware/logger.go:31","msg":"","status":200,"method":"GET","endpoint":"/employees/1","duration_ms":0.00004475,"human_readable_duration":"44.833µs"}
{"level":"info","ts":1640300769.367996,"caller":"middleware/logger.go:31","msg":"","status":200,"method":"GET","endpoint":"/employees/1","duration_ms":0.000036875,"human_readable_duration":"37.416µs"}
{"level":"info","ts":1640300770.0019798,"caller":"middleware/logger.go:31","msg":"","status":200,"method":"GET","endpoint":"/employees/1","duration_ms":0.000063375,"human_readable_duration":"63.5µs"}
{"level":"info","ts":1640300770.623787,"caller":"middleware/logger.go:31","msg":"","status":200,"method":"GET","endpoint":"/employees/1","duration_ms":0.0000425,"human_readable_duration":"42.584µs"}
{"level":"info","ts":1640300771.2425861,"caller":"middleware/logger.go:31","msg":"","status":200,"method":"GET","endpoint":"/employees/1","duration_ms":0.000035916,"human_readable_duration":"36.041µs"}
{"level":"info","ts":1640300771.851346,"caller":"middleware/logger.go:31","msg":"","status":200,"method":"GET","endpoint":"/employees/1","duration_ms":0.000040375,"human_readable_duration":"40.459µs"}
{"level":"info","ts":1640300774.631656,"caller":"middleware/logger.go:31","msg":"","status":400,"method":"GET","endpoint":"/employees/sdf","duration_ms":0.00001275,"human_readable_duration":"12.833µs"}
{"level":"info","ts":1640300779.2518342,"caller":"middleware/logger.go:31","msg":"","status":400,"method":"GET","endpoint":"/employees/hre","duration_ms":0.00002175,"human_readable_duration":"21.792µs"}
{"level":"info","ts":1640300782.472206,"caller":"middleware/logger.go:31","msg":"","status":200,"method":"GET","endpoint":"/employees/1","duration_ms":0.000044917,"human_readable_duration":"44.959µs"}
{"level":"info","ts":1640300783.190372,"caller":"middleware/logger.go:31","msg":"","status":200,"method":"GET","endpoint":"/employees/1","duration_ms":0.000018792,"human_readable_duration":"18.834µs"}
{"level":"info","ts":1640300784.854729,"caller":"middleware/logger.go:31","msg":"","status":200,"method":"GET","endpoint":"/employees/1","duration_ms":0.000016208,"human_readable_duration":"16.25µs"}
{"level":"info","ts":1640300785.583902,"caller":"middleware/logger.go:31","msg":"","status":200,"method":"GET","endpoint":"/employees/1","duration_ms":0.00004,"human_readable_duration":"40.083µs"}
{"level":"info","ts":1640300786.352364,"caller":"middleware/logger.go:31","msg":"","status":200,"method":"GET","endpoint":"/employees/1","duration_ms":0.000045083,"human_readable_duration":"45.166µs"}
{"level":"info","ts":1640300787.087646,"caller":"middleware/logger.go:31","msg":"","status":200,"method":"GET","endpoint":"/employees/1","duration_ms":0.000037542,"human_readable_duration":"37.667µs"}
{"level":"info","ts":1640300789.931669,"caller":"middleware/logger.go:31","msg":"","status":200,"method":"GET","endpoint":"/employees/0","duration_ms":0.000039375,"human_readable_duration":"39.458µs"}
{"level":"info","ts":1640300792.315111,"caller":"middleware/logger.go:31","msg":"","status":200,"method":"GET","endpoint":"/employees/1","duration_ms":0.00001575,"human_readable_duration":"15.833µs"}
{"level":"info","ts":1640300793.746666,"caller":"middleware/logger.go:31","msg":"","status":200,"method":"GET","endpoint":"/employees/0","duration_ms":0.00002125,"human_readable_duration":"21.417µs"}
{"level":"info","ts":1640300795.1110451,"caller":"middleware/logger.go:31","msg":"","status":200,"method":"GET","endpoint":"/employees/0","duration_ms":0.00004025,"human_readable_duration":"40.334µs"}
{"level":"info","ts":1640300796.036851,"caller":"middleware/logger.go:31","msg":"","status":200,"method":"GET","endpoint":"/employees/0","duration_ms":0.00000775,"human_readable_duration":"7.792µs"}
{"level":"info","ts":1640300796.7681122,"caller":"middleware/logger.go:31","msg":"","status":200,"method":"GET","endpoint":"/employees/0","duration_ms":0.0000385,"human_readable_duration":"38.833µs"}
{"level":"info","ts":1640300797.5425432,"caller":"middleware/logger.go:31","msg":"","status":200,"method":"GET","endpoint":"/employees/0","duration_ms":0.0000425,"human_readable_duration":"42.583µs"}
{"level":"info","ts":1640300798.299846,"caller":"middleware/logger.go:31","msg":"","status":200,"method":"GET","endpoint":"/employees/0","duration_ms":0.000033709,"human_readable_duration":"33.917µs"}
{"level":"info","ts":1640300799.108363,"caller":"middleware/logger.go:31","msg":"","status":200,"method":"GET","endpoint":"/employees/0","duration_ms":0.000039209,"human_readable_duration":"39.292µs"}
{"level":"info","ts":1640300799.897963,"caller":"middleware/logger.go:31","msg":"","status":200,"method":"GET","endpoint":"/employees/0","duration_ms":0.000025916,"human_readable_duration":"26.083µs"}
{"level":"info","ts":1640300800.7117581,"caller":"middleware/logger.go:31","msg":"","status":200,"method":"GET","endpoint":"/employees/0","duration_ms":0.000036041,"human_readable_duration":"36.083µs"}
{"level":"info","ts":1640300801.480295,"caller":"middleware/logger.go:31","msg":"","status":200,"method":"GET","endpoint":"/employees/0","duration_ms":0.000018417,"human_readable_duration":"18.5µs"}
{"level":"info","ts":1640300805.706402,"caller":"middleware/logger.go:31","msg":"","status":200,"method":"GET","endpoint":"/employees/1","duration_ms":0.0000435,"human_readable_duration":"43.542µs"}
{"level":"info","ts":1640300807.186993,"caller":"middleware/logger.go:31","msg":"","status":200,"method":"GET","endpoint":"/employees/1","duration_ms":0.000039084,"human_readable_duration":"39.167µs"}
{"level":"info","ts":1640300808.3495328,"caller":"middleware/logger.go:31","msg":"","status":200,"method":"GET","endpoint":"/employees/1","duration_ms":0.000025041,"human_readable_duration":"25.125µs"}
{"level":"info","ts":1640300809.1455722,"caller":"middleware/logger.go:31","msg":"","status":200,"method":"GET","endpoint":"/employees/1","duration_ms":0.000017167,"human_readable_duration":"17.209µs"}
{"level":"info","ts":1640300809.8242931,"caller":"middleware/logger.go:31","msg":"","status":200,"method":"GET","endpoint":"/employees/1","duration_ms":0.000022666,"human_readable_duration":"22.791µs"}
{"level":"info","ts":1640300810.4985862,"caller":"middleware/logger.go:31","msg":"","status":200,"method":"GET","endpoint":"/employees/1","duration_ms":0.000034375,"human_readable_duration":"34.458µs"}
{"level":"info","ts":1640300811.283535,"caller":"middleware/logger.go:31","msg":"","status":200,"method":"GET","endpoint":"/employees/1","duration_ms":0.000045042,"human_readable_duration":"45.125µs"}
{"level":"info","ts":1640300812.0344472,"caller":"middleware/logger.go:31","msg":"","status":200,"method":"GET","endpoint":"/employees/1","duration_ms":0.000040834,"human_readable_duration":"40.917µs"}
{"level":"info","ts":1640300813.951144,"caller":"middleware/logger.go:31","msg":"","status":200,"method":"GET","endpoint":"/employees/0","duration_ms":0.000043125,"human_readable_duration":"43.417µs"}
{"level":"info","ts":1640300814.6588612,"caller":"middleware/logger.go:31","msg":"","status":200,"method":"GET","endpoint":"/employees/0","duration_ms":0.000040875,"human_readable_duration":"40.959µs"}
{"level":"info","ts":1640300815.5845928,"caller":"middleware/logger.go:31","msg":"","status":200,"method":"GET","endpoint":"/employees/0","duration_ms":0.000025166,"human_readable_duration":"25.208µs"}
{"level":"info","ts":1640300816.003276,"caller":"middleware/logger.go:31","msg":"","status":200,"method":"GET","endpoint":"/employees/0","duration_ms":0.000019125,"human_readable_duration":"19.209µs"}
{"level":"info","ts":1640300816.2155678,"caller":"middleware/logger.go:31","msg":"","status":200,"method":"GET","endpoint":"/employees/0","duration_ms":0.000015459,"human_readable_duration":"15.584µs"}
{"level":"info","ts":1640300816.411136,"caller":"middleware/logger.go:31","msg":"","status":200,"method":"GET","endpoint":"/employees/0","duration_ms":0.000016791,"human_readable_duration":"16.875µs"}
{"level":"info","ts":1640300816.638826,"caller":"middleware/logger.go:31","msg":"","status":200,"method":"GET","endpoint":"/employees/0","duration_ms":0.000016875,"human_readable_duration":"16.917µs"}
{"level":"info","ts":1640300816.8912,"caller":"middleware/logger.go:31","msg":"","status":200,"method":"GET","endpoint":"/employees/0","duration_ms":0.000020375,"human_readable_duration":"20.625µs"}
{"level":"info","ts":1640300817.498581,"caller":"middleware/logger.go:31","msg":"","status":200,"method":"GET","endpoint":"/employees/0","duration_ms":0.000019084,"human_readable_duration":"19.167µs"}
{"level":"info","ts":1640301036.662563,"caller":"employee/main.go:63","msg":"Starting server..."}
{"level":"info","ts":1640301058.111753,"caller":"employee/main.go:63","msg":"Starting server..."}
{"level":"info","ts":1640301118.744132,"caller":"middleware/logger.go:33","msg":"","status":200,"method":"GET","endpoint":"/employees/1","duration_ms":0.000201834,"human_readable_duration":"201.875µs"}
{"level":"info","ts":1640301217.532368,"caller":"employee/main.go:71","msg":"Start shutdown due to \"interrupt\" signal\n"}
{"level":"info","ts":1640301220.577881,"caller":"employee/main.go:63","msg":"Starting server..."}
{"level":"info","ts":1640301348.8178308,"caller":"employee/main.go:63","msg":"Starting server..."}
{"level":"info","ts":1640301369.817446,"caller":"employee/main.go:63","msg":"Starting server..."}
{"level":"info","ts":1640301412.639992,"caller":"employee/main.go:63","msg":"Starting server..."}
{"level":"info","ts":1640301456.693599,"caller":"middleware/logger.go:33","msg":"","status":200,"method":"GET","endpoint":"/employees/1","duration_ms":0.000166334,"human_readable_duration":"166.375µs"}
{"level":"info","ts":1640301548.657003,"caller":"employee/main.go:63","msg":"Starting server..."}
{"level":"info","ts":1640301563.951999,"caller":"employee/main.go:63","msg":"Starting server..."}
{"level":"info","ts":1640301586.570626,"caller":"employee/main.go:63","msg":"Starting server..."}
{"level":"error","ts":1640301622.556059,"caller":"middleware/logger.go:35","msg":"","status":400,"method":"GET","endpoint":"/employees/kjh","duration_ms":0.000064792,"human_readable_duration":"65.042µs","stacktrace":"github.com/ivorscott/employee-service/pkg/middleware.Logger.func1.1\n\t/Users/ivorscott/Code/employee-service/pkg/middleware/logger.go:35\ngithub.com/ivorscott/employee-service/pkg/web.(*App).Handle.func1\n\t/Users/ivorscott/Code/employee-service/pkg/web/web.go:65\nnet/http.HandlerFunc.ServeHTTP\n\t/opt/homebrew/Cellar/go/1.17.2/libexec/src/net/http/server.go:2046\ngithub.com/gorilla/mux.(*Router).ServeHTTP\n\t/Users/ivorscott/go/pkg/mod/github.com/gorilla/mux@v1.8.0/mux.go:210\ngithub.com/ivorscott/employee-service/pkg/web.(*App).ServeHTTP\n\t/Users/ivorscott/Code/employee-service/pkg/web/web.go:79\nnet/http.serverHandler.ServeHTTP\n\t/opt/homebrew/Cellar/go/1.17.2/libexec/src/net/http/server.go:2878\nnet/http.(*conn).serve\n\t/opt/homebrew/Cellar/go/1.17.2/libexec/src/net/http/server.go:1929"}
{"level":"info","ts":1640301770.006669,"caller":"employee/main.go:63","msg":"Starting server..."}
{"level":"error","ts":1640301772.636555,"caller":"middleware/logger.go:35","msg":"","status":400,"method":"GET","endpoint":"/employees/kjh","duration_ms":0.000031583,"human_readable_duration":"31.666µs","stacktrace":"github.com/ivorscott/employee-service/pkg/middleware.Logger.func1.1\n\t/Users/ivorscott/Code/employee-service/pkg/middleware/logger.go:35\ngithub.com/ivorscott/employee-service/pkg/web.(*App).Handle.func1\n\t/Users/ivorscott/Code/employee-service/pkg/web/web.go:65\nnet/http.HandlerFunc.ServeHTTP\n\t/opt/homebrew/Cellar/go/1.17.2/libexec/src/net/http/server.go:2046\ngithub.com/gorilla/mux.(*Router).ServeHTTP\n\t/Users/ivorscott/go/pkg/mod/github.com/gorilla/mux@v1.8.0/mux.go:210\ngithub.com/ivorscott/employee-service/pkg/web.(*App).ServeHTTP\n\t/Users/ivorscott/Code/employee-service/pkg/web/web.go:79\nnet/http.serverHandler.ServeHTTP\n\t/opt/homebrew/Cellar/go/1.17.2/libexec/src/net/http/server.go:2878\nnet/http.(*conn).serve\n\t/opt/homebrew/Cellar/go/1.17.2/libexec/src/net/http/server.go:1929"}
{"level":"error","ts":1640301775.983673,"caller":"middleware/logger.go:35","msg":"","status":404,"method":"GET","endpoint":"/employees/22","duration_ms":0.00001625,"human_readable_duration":"16.292µs","stacktrace":"github.com/ivorscott/employee-service/pkg/middleware.Logger.func1.1\n\t/Users/ivorscott/Code/employee-service/pkg/middleware/logger.go:35\ngithub.com/ivorscott/employee-service/pkg/web.(*App).Handle.func1\n\t/Users/ivorscott/Code/employee-service/pkg/web/web.go:65\nnet/http.HandlerFunc.ServeHTTP\n\t/opt/homebrew/Cellar/go/1.17.2/libexec/src/net/http/server.go:2046\ngithub.com/gorilla/mux.(*Router).ServeHTTP\n\t/Users/ivorscott/go/pkg/mod/github.com/gorilla/mux@v1.8.0/mux.go:210\ngithub.com/ivorscott/employee-service/pkg/web.(*App).ServeHTTP\n\t/Users/ivorscott/Code/employee-service/pkg/web/web.go:79\nnet/http.serverHandler.ServeHTTP\n\t/opt/homebrew/Cellar/go/1.17.2/libexec/src/net/http/server.go:2878\nnet/http.(*conn).serve\n\t/opt/homebrew/Cellar/go/1.17.2/libexec/src/net/http/server.go:1929"}
{"level":"error","ts":1640301778.55823,"caller":"middleware/logger.go:35","msg":"","status":404,"method":"GET","endpoint":"/employees/23","duration_ms":0.000035,"human_readable_duration":"35.083µs","stacktrace":"github.com/ivorscott/employee-service/pkg/middleware.Logger.func1.1\n\t/Users/ivorscott/Code/employee-service/pkg/middleware/logger.go:35\ngithub.com/ivorscott/employee-service/pkg/web.(*App).Handle.func1\n\t/Users/ivorscott/Code/employee-service/pkg/web/web.go:65\nnet/http.HandlerFunc.ServeHTTP\n\t/opt/homebrew/Cellar/go/1.17.2/libexec/src/net/http/server.go:2046\ngithub.com/gorilla/mux.(*Router).ServeHTTP\n\t/Users/ivorscott/go/pkg/mod/github.com/gorilla/mux@v1.8.0/mux.go:210\ngithub.com/ivorscott/employee-service/pkg/web.(*App).ServeHTTP\n\t/Users/ivorscott/Code/employee-service/pkg/web/web.go:79\nnet/http.serverHandler.ServeHTTP\n\t/opt/homebrew/Cellar/go/1.17.2/libexec/src/net/http/server.go:2878\nnet/http.(*conn).serve\n\t/opt/homebrew/Cellar/go/1.17.2/libexec/src/net/http/server.go:1929"}
{"level":"info","ts":1640301781.6931462,"caller":"middleware/logger.go:33","msg":"","status":200,"method":"GET","endpoint":"/employees/0","duration_ms":0.000256375,"human_readable_duration":"256.417µs"}
{"level":"info","ts":1640301798.281108,"caller":"middleware/logger.go:33","msg":"","status":200,"method":"GET","endpoint":"/employees/1","duration_ms":0.000043292,"human_readable_duration":"43.333µs"}
{"level":"info","ts":1640301799.572279,"caller":"middleware/logger.go:33","msg":"","status":200,"method":"GET","endpoint":"/employees/1","duration_ms":0.000016583,"human_readable_duration":"16.625µs"}
{"level":"info","ts":1640301800.146267,"caller":"middleware/logger.go:33","msg":"","status":200,"method":"GET","endpoint":"/employees/1","duration_ms":0.00002275,"human_readable_duration":"22.833µs"}
{"level":"info","ts":1640301800.655927,"caller":"middleware/logger.go:33","msg":"","status":200,"method":"GET","endpoint":"/employees/1","duration_ms":0.000022333,"human_readable_duration":"22.375µs"}
{"level":"info","ts":1640301801.157152,"caller":"middleware/logger.go:33","msg":"","status":200,"method":"GET","endpoint":"/employees/1","duration_ms":0.000022291,"human_readable_duration":"22.375µs"}
{"level":"info","ts":1640301801.604797,"caller":"middleware/logger.go:33","msg":"","status":200,"method":"GET","endpoint":"/employees/1","duration_ms":0.000039125,"human_readable_duration":"39.166µs"}
{"level":"info","ts":1640301802.0481431,"caller":"middleware/logger.go:33","msg":"","status":200,"method":"GET","endpoint":"/employees/1","duration_ms":0.000045208,"human_readable_duration":"45.333µs"}
{"level":"info","ts":1640301802.5533729,"caller":"middleware/logger.go:33","msg":"","status":200,"method":"GET","endpoint":"/employees/1","duration_ms":0.000033458,"human_readable_duration":"33.542µs"}
{"level":"info","ts":1640301803.106654,"caller":"middleware/logger.go:33","msg":"","status":200,"method":"GET","endpoint":"/employees/1","duration_ms":0.000019209,"human_readable_duration":"19.292µs"}
{"level":"info","ts":1640301805.989772,"caller":"middleware/logger.go:33","msg":"","status":200,"method":"GET","endpoint":"/employees/0","duration_ms":0.000044875,"human_readable_duration":"44.959µs"}
{"level":"info","ts":1640301806.865973,"caller":"middleware/logger.go:33","msg":"","status":200,"method":"GET","endpoint":"/employees/0","duration_ms":0.000074125,"human_readable_duration":"74.166µs"}
{"level":"info","ts":1640301807.344417,"caller":"middleware/logger.go:33","msg":"","status":200,"method":"GET","endpoint":"/employees/0","duration_ms":0.000022333,"human_readable_duration":"22.375µs"}
{"level":"info","ts":1640301807.7654881,"caller":"middleware/logger.go:33","msg":"","status":200,"method":"GET","endpoint":"/employees/0","duration_ms":0.000020917,"human_readable_duration":"20.959µs"}
{"level":"info","ts":1640301808.165032,"caller":"middleware/logger.go:33","msg":"","status":200,"method":"GET","endpoint":"/employees/0","duration_ms":0.0000375,"human_readable_duration":"37.541µs"}
{"level":"info","ts":1640301808.595645,"caller":"middleware/logger.go:33","msg":"","status":200,"method":"GET","endpoint":"/employees/0","duration_ms":0.000034209,"human_readable_duration":"34.292µs"}
{"level":"info","ts":1640301809.0277162,"caller":"middleware/logger.go:33","msg":"","status":200,"method":"GET","endpoint":"/employees/0","duration_ms":0.000040334,"human_readable_duration":"40.375µs"}
{"level":"info","ts":1640301809.466666,"caller":"middleware/logger.go:33","msg":"","status":200,"method":"GET","endpoint":"/employees/0","duration_ms":0.000039875,"human_readable_duration":"39.958µs"}
{"level":"info","ts":1640301809.901676,"caller":"middleware/logger.go:33","msg":"","status":200,"method":"GET","endpoint":"/employees/0","duration_ms":0.000029958,"human_readable_duration":"30.291µs"}
{"level":"info","ts":1640301810.363903,"caller":"middleware/logger.go:33","msg":"","status":200,"method":"GET","endpoint":"/employees/0","duration_ms":0.000023708,"human_readable_duration":"23.75µs"}
{"level":"info","ts":1640301810.840657,"caller":"middleware/logger.go:33","msg":"","status":200,"method":"GET","endpoint":"/employees/0","duration_ms":0.000036875,"human_readable_duration":"36.916µs"}
{"level":"info","ts":1640301812.663009,"caller":"middleware/logger.go:33","msg":"","status":200,"method":"GET","endpoint":"/employees/1","duration_ms":0.000029792,"human_readable_duration":"29.833µs"}
{"level":"info","ts":1640301813.176048,"caller":"middleware/logger.go:33","msg":"","status":200,"method":"GET","endpoint":"/employees/1","duration_ms":0.000038916,"human_readable_duration":"38.958µs"}
{"level":"info","ts":1640301813.600773,"caller":"middleware/logger.go:33","msg":"","status":200,"method":"GET","endpoint":"/employees/1","duration_ms":0.000044166,"human_readable_duration":"44.25µs"}
{"level":"info","ts":1640301814.019496,"caller":"middleware/logger.go:33","msg":"","status":200,"method":"GET","endpoint":"/employees/1","duration_ms":0.000045042,"human_readable_duration":"45.083µs"}
{"level":"info","ts":1640301814.484252,"caller":"middleware/logger.go:33","msg":"","status":200,"method":"GET","endpoint":"/employees/1","duration_ms":0.000045667,"human_readable_duration":"45.75µs"}
{"level":"info","ts":1640301815.025339,"caller":"middleware/logger.go:33","msg":"","status":200,"method":"GET","endpoint":"/employees/1","duration_ms":0.000044292,"human_readable_duration":"44.333µs"}
{"level":"error","ts":1640301817.342277,"caller":"middleware/logger.go:35","msg":"","status":400,"method":"GET","endpoint":"/employees/adf","duration_ms":0.000016375,"human_readable_duration":"16.458µs","stacktrace":"github.com/ivorscott/employee-service/pkg/middleware.Logger.func1.1\n\t/Users/ivorscott/Code/employee-service/pkg/middleware/logger.go:35\ngithub.com/ivorscott/employee-service/pkg/web.(*App).Handle.func1\n\t/Users/ivorscott/Code/employee-service/pkg/web/web.go:65\nnet/http.HandlerFunc.ServeHTTP\n\t/opt/homebrew/Cellar/go/1.17.2/libexec/src/net/http/server.go:2046\ngithub.com/gorilla/mux.(*Router).ServeHTTP\n\t/Users/ivorscott/go/pkg/mod/github.com/gorilla/mux@v1.8.0/mux.go:210\ngithub.com/ivorscott/employee-service/pkg/web.(*App).ServeHTTP\n\t/Users/ivorscott/Code/employee-service/pkg/web/web.go:79\nnet/http.serverHandler.ServeHTTP\n\t/opt/homebrew/Cellar/go/1.17.2/libexec/src/net/http/server.go:2878\nnet/http.(*conn).serve\n\t/opt/homebrew/Cellar/go/1.17.2/libexec/src/net/http/server.go:1929"}
{"level":"error","ts":1640301823.158493,"caller":"middleware/logger.go:35","msg":"","status":404,"method":"GET","endpoint":"/employees/345","duration_ms":0.000031167,"human_readable_duration":"31.334µs","stacktrace":"github.com/ivorscott/employee-service/pkg/middleware.Logger.func1.1\n\t/Users/ivorscott/Code/employee-service/pkg/middleware/logger.go:35\ngithub.com/ivorscott/employee-service/pkg/web.(*App).Handle.func1\n\t/Users/ivorscott/Code/employee-service/pkg/web/web.go:65\nnet/http.HandlerFunc.ServeHTTP\n\t/opt/homebrew/Cellar/go/1.17.2/libexec/src/net/http/server.go:2046\ngithub.com/gorilla/mux.(*Router).ServeHTTP\n\t/Users/ivorscott/go/pkg/mod/github.com/gorilla/mux@v1.8.0/mux.go:210\ngithub.com/ivorscott/employee-service/pkg/web.(*App).ServeHTTP\n\t/Users/ivorscott/Code/employee-service/pkg/web/web.go:79\nnet/http.serverHandler.ServeHTTP\n\t/opt/homebrew/Cellar/go/1.17.2/libexec/src/net/http/server.go:2878\nnet/http.(*conn).serve\n\t/opt/homebrew/Cellar/go/1.17.2/libexec/src/net/http/server.go:1929"}
{"level":"error","ts":1640301828.892441,"caller":"middleware/logger.go:35","msg":"","status":404,"method":"GET","endpoint":"/employees/343","duration_ms":0.000015416,"human_readable_duration":"15.458µs","stacktrace":"github.com/ivorscott/employee-service/pkg/middleware.Logger.func1.1\n\t/Users/ivorscott/Code/employee-service/pkg/middleware/logger.go:35\ngithub.com/ivorscott/employee-service/pkg/web.(*App).Handle.func1\n\t/Users/ivorscott/Code/employee-service/pkg/web/web.go:65\nnet/http.HandlerFunc.ServeHTTP\n\t/opt/homebrew/Cellar/go/1.17.2/libexec/src/net/http/server.go:2046\ngithub.com/gorilla/mux.(*Router).ServeHTTP\n\t/Users/ivorscott/go/pkg/mod/github.com/gorilla/mux@v1.8.0/mux.go:210\ngithub.com/ivorscott/employee-service/pkg/web.(*App).ServeHTTP\n\t/Users/ivorscott/Code/employee-service/pkg/web/web.go:79\nnet/http.serverHandler.ServeHTTP\n\t/opt/homebrew/Cellar/go/1.17.2/libexec/src/net/http/server.go:2878\nnet/http.(*conn).serve\n\t/opt/homebrew/Cellar/go/1.17.2/libexec/src/net/http/server.go:1929"}
{"level":"error","ts":1640301834.323373,"caller":"middleware/logger.go:35","msg":"","status":404,"method":"GET","endpoint":"/employees/123","duration_ms":0.000029167,"human_readable_duration":"29.209µs","stacktrace":"github.com/ivorscott/employee-service/pkg/middleware.Logger.func1.1\n\t/Users/ivorscott/Code/employee-service/pkg/middleware/logger.go:35\ngithub.com/ivorscott/employee-service/pkg/web.(*App).Handle.func1\n\t/Users/ivorscott/Code/employee-service/pkg/web/web.go:65\nnet/http.HandlerFunc.ServeHTTP\n\t/opt/homebrew/Cellar/go/1.17.2/libexec/src/net/http/server.go:2046\ngithub.com/gorilla/mux.(*Router).ServeHTTP\n\t/Users/ivorscott/go/pkg/mod/github.com/gorilla/mux@v1.8.0/mux.go:210\ngithub.com/ivorscott/employee-service/pkg/web.(*App).ServeHTTP\n\t/Users/ivorscott/Code/employee-service/pkg/web/web.go:79\nnet/http.serverHandler.ServeHTTP\n\t/opt/homebrew/Cellar/go/1.17.2/libexec/src/net/http/server.go:2878\nnet/http.(*conn).serve\n\t/opt/homebrew/Cellar/go/1.17.2/libexec/src/net/http/server.go:1929"}
{"level":"info","ts":1640301836.517266,"caller":"middleware/logger.go:33","msg":"","status":200,"method":"GET","endpoint":"/employees/1","duration_ms":0.000021416,"human_readable_duration":"21.5µs"}
{"level":"info","ts":1640301839.035923,"caller":"middleware/logger.go:33","msg":"","status":200,"method":"GET","endpoint":"/employees/0","duration_ms":0.00004475,"human_readable_duration":"44.833µs"}
{"level":"info","ts":1640301841.4267368,"caller":"middleware/logger.go:33","msg":"","status":200,"method":"GET","endpoint":"/employees/0","duration_ms":0.000046166,"human_readable_duration":"46.208µs"}
{"level":"info","ts":1640301841.921619,"caller":"middleware/logger.go:33","msg":"","status":200,"method":"GET","endpoint":"/employees/0","duration_ms":0.00004275,"human_readable_duration":"42.792µs"}
{"level":"info","ts":1640301842.324996,"caller":"middleware/logger.go:33","msg":"","status":200,"method":"GET","endpoint":"/employees/0","duration_ms":0.000030958,"human_readable_duration":"31µs"}
{"level":"info","ts":1640301842.722346,"caller":"middleware/logger.go:33","msg":"","status":200,"method":"GET","endpoint":"/employees/0","duration_ms":0.000031833,"human_readable_duration":"31.917µs"}
{"level":"info","ts":1640301843.0952241,"caller":"middleware/logger.go:33","msg":"","status":200,"method":"GET","endpoint":"/employees/0","duration_ms":0.000089167,"human_readable_duration":"89.25µs"}
{"level":"info","ts":1640301843.477382,"caller":"middleware/logger.go:33","msg":"","status":200,"method":"GET","endpoint":"/employees/0","duration_ms":0.000046459,"human_readable_duration":"46.5µs"}
{"level":"info","ts":1640301845.365624,"caller":"middleware/logger.go:33","msg":"","status":200,"method":"GET","endpoint":"/employees/1","duration_ms":0.000023791,"human_readable_duration":"23.833µs"}
{"level":"info","ts":1640301845.941118,"caller":"middleware/logger.go:33","msg":"","status":200,"method":"GET","endpoint":"/employees/1","duration_ms":0.00003275,"human_readable_duration":"33.041µs"}
{"level":"info","ts":1640301846.3241642,"caller":"middleware/logger.go:33","msg":"","status":200,"method":"GET","endpoint":"/employees/1","duration_ms":0.000015417,"human_readable_duration":"15.459µs"}
{"level":"info","ts":1640301846.7168179,"caller":"middleware/logger.go:33","msg":"","status":200,"method":"GET","endpoint":"/employees/1","duration_ms":0.000041708,"human_readable_duration":"41.75µs"}
{"level":"info","ts":1640301847.0577111,"caller":"middleware/logger.go:33","msg":"","status":200,"method":"GET","endpoint":"/employees/1","duration_ms":0.00004275,"human_readable_duration":"42.833µs"}
{"level":"info","ts":1640301847.4567559,"caller":"middleware/logger.go:33","msg":"","status":200,"method":"GET","endpoint":"/employees/1","duration_ms":0.000047875,"human_readable_duration":"47.958µs"}
{"level":"info","ts":1640301849.993441,"caller":"middleware/logger.go:33","msg":"","status":200,"method":"GET","endpoint":"/employees/0","duration_ms":0.0000275,"human_readable_duration":"27.584µs"}
{"level":"info","ts":1640301850.413227,"caller":"middleware/logger.go:33","msg":"","status":200,"method":"GET","endpoint":"/employees/0","duration_ms":0.000044209,"human_readable_duration":"44.292µs"}
{"level":"info","ts":1640301850.8012831,"caller":"middleware/logger.go:33","msg":"","status":200,"method":"GET","endpoint":"/employees/0","duration_ms":0.000036833,"human_readable_duration":"36.875µs"}
{"level":"info","ts":1640301851.187028,"caller":"middleware/logger.go:33","msg":"","status":200,"method":"GET","endpoint":"/employees/0","duration_ms":0.000024333,"human_readable_duration":"24.375µs"}
{"level":"info","ts":1640301851.5984051,"caller":"middleware/logger.go:33","msg":"","status":200,"method":"GET","endpoint":"/employees/0","duration_ms":0.000044167,"human_readable_duration":"44.208µs"}
{"level":"info","ts":1640302276.1416461,"caller":"middleware/logger.go:33","msg":"","status":200,"method":"GET","endpoint":"/employees/0","duration_ms":0.000018458,"human_readable_duration":"18.541µs"}
{"level":"info","ts":1640302276.847879,"caller":"middleware/logger.go:33","msg":"","status":200,"method":"GET","endpoint":"/employees/0","duration_ms":0.000014875,"human_readable_duration":"14.917µs"}
{"level":"info","ts":1640302277.353364,"caller":"middleware/logger.go:33","msg":"","status":200,"method":"GET","endpoint":"/employees/0","duration_ms":0.000014458,"human_readable_duration":"14.458µs"}
{"level":"info","ts":1640302277.816521,"caller":"middleware/logger.go:33","msg":"","status":200,"method":"GET","endpoint":"/employees/0","duration_ms":0.000044375,"human_readable_duration":"44.458µs"}
{"level":"info","ts":1640302278.2635572,"caller":"middleware/logger.go:33","msg":"","status":200,"method":"GET","endpoint":"/employees/0","duration_ms":0.000020708,"human_readable_duration":"20.75µs"}
{"level":"info","ts":1640302278.6541388,"caller":"middleware/logger.go:33","msg":"","status":200,"method":"GET","endpoint":"/employees/0","duration_ms":0.000017541,"human_readable_duration":"17.583µs"}
{"level":"info","ts":1640302279.0977159,"caller":"middleware/logger.go:33","msg":"","status":200,"method":"GET","endpoint":"/employees/0","duration_ms":0.000021875,"human_readable_duration":"21.916µs"}
{"level":"info","ts":1640302279.399318,"caller":"middleware/logger.go:33","msg":"","status":200,"method":"GET","endpoint":"/employees/0","duration_ms":0.000024042,"human_readable_duration":"24.125µs"}
{"level":"info","ts":1640302279.925984,"caller":"middleware/logger.go:33","msg":"","status":200,"method":"GET","endpoint":"/employees/0","duration_ms":0.00001575,"human_readable_duration":"15.791µs"}
{"level":"info","ts":1640302280.312652,"caller":"middleware/logger.go:33","msg":"","status":200,"method":"GET","endpoint":"/employees/0","duration_ms":0.000041417,"human_readable_duration":"41.5µs"}
{"level":"info","ts":1640302280.694613,"caller":"middleware/logger.go:33","msg":"","status":200,"method":"GET","endpoint":"/employees/0","duration_ms":0.000014625,"human_readable_duration":"14.625µs"}
{"level":"info","ts":1640302281.614061,"caller":"middleware/logger.go:33","msg":"","status":200,"method":"GET","endpoint":"/employees/0","duration_ms":0.000027791,"human_readable_duration":"27.875µs"}
{"level":"info","ts":1640302284.4015381,"caller":"middleware/logger.go:33","msg":"","status":200,"method":"GET","endpoint":"/employees/1","duration_ms":0.000043542,"human_readable_duration":"43.584µs"}
{"level":"info","ts":1640302285.221673,"caller":"middleware/logger.go:33","msg":"","status":200,"method":"GET","endpoint":"/employees/1","duration_ms":0.000024125,"human_readable_duration":"24.208µs"}
{"level":"info","ts":1640302285.698087,"caller":"middleware/logger.go:33","msg":"","status":200,"method":"GET","endpoint":"/employees/1","duration_ms":0.000017458,"human_readable_duration":"17.5µs"}
{"level":"info","ts":1640302286.102453,"caller":"middleware/logger.go:33","msg":"","status":200,"method":"GET","endpoint":"/employees/1","duration_ms":0.000018167,"human_readable_duration":"18.167µs"}
{"level":"info","ts":1640302286.48257,"caller":"middleware/logger.go:33","msg":"","status":200,"method":"GET","endpoint":"/employees/1","duration_ms":0.000014833,"human_readable_duration":"14.875µs"}
{"level":"info","ts":1640302286.889859,"caller":"middleware/logger.go:33","msg":"","status":200,"method":"GET","endpoint":"/employees/1","duration_ms":0.000018042,"human_readable_duration":"18.083µs"}
{"level":"info","ts":1640302287.300537,"caller":"middleware/logger.go:33","msg":"","status":200,"method":"GET","endpoint":"/employees/1","duration_ms":0.000016208,"human_readable_duration":"16.25µs"}
{"level":"info","ts":1640302287.7316349,"caller":"middleware/logger.go:33","msg":"","status":200,"method":"GET","endpoint":"/employees/1","duration_ms":0.000040041,"human_readable_duration":"40.083µs"}
{"level":"info","ts":1640302288.2193751,"caller":"middleware/logger.go:33","msg":"","status":200,"method":"GET","endpoint":"/employees/1","duration_ms":0.000022375,"human_readable_duration":"22.417µs"}
{"level":"info","ts":1640302288.866005,"caller":"middleware/logger.go:33","msg":"","status":200,"method":"GET","endpoint":"/employees/1","duration_ms":0.000016458,"human_readable_duration":"16.5µs"}
{"level":"info","ts":1640302289.642501,"caller":"middleware/logger.go:33","msg":"","status":200,"method":"GET","endpoint":"/employees/1","duration_ms":0.000041417,"human_readable_duration":"41.5µs"}
{"level":"info","ts":1640302290.22387,"caller":"middleware/logger.go:33","msg":"","status":200,"method":"GET","endpoint":"/employees/1","duration_ms":0.000020792,"human_readable_duration":"20.834µs"}
{"level":"info","ts":1640302291.336742,"caller":"middleware/logger.go:33","msg":"","status":200,"method":"GET","endpoint":"/employees/1","duration_ms":0.000014709,"human_readable_duration":"14.75µs"}
{"level":"info","ts":1640302291.909185,"caller":"middleware/logger.go:33","msg":"","status":200,"method":"GET","endpoint":"/employees/1","duration_ms":0.000017583,"human_readable_duration":"17.667µs"}
{"level":"info","ts":1640302292.559531,"caller":"middleware/logger.go:33","msg":"","status":200,"method":"GET","endpoint":"/employees/1","duration_ms":0.000017375,"human_readable_duration":"17.416µs"}
{"level":"info","ts":1640302293.2256489,"caller":"middleware/logger.go:33","msg":"","status":200,"method":"GET","endpoint":"/employees/1","duration_ms":0.000015375,"human_readable_duration":"15.417µs"}
{"level":"info","ts":1640302293.9423602,"caller":"middleware/logger.go:33","msg":"","status":200,"method":"GET","endpoint":"/employees/1","duration_ms":0.000016333,"human_readable_duration":"16.375µs"}
{"level":"info","ts":1640302294.673697,"caller":"middleware/logger.go:33","msg":"","status":200,"method":"GET","endpoint":"/employees/1","duration_ms":0.000048833,"human_readable_duration":"48.875µs"}
{"level":"info","ts":1640302295.805223,"caller":"middleware/logger.go:33","msg":"","status":200,"method":"GET","endpoint":"/employees/1","duration_ms":0.000013833,"human_readable_duration":"13.833µs"}
{"level":"error","ts":1640302298.917946,"caller":"middleware/logger.go:35","msg":"","status":400,"method":"GET","endpoint":"/employees/jhg","duration_ms":0.000012375,"human_readable_duration":"12.417µs","stacktrace":"github.com/ivorscott/employee-service/pkg/middleware.Logger.func1.1\n\t/Users/ivorscott/Code/employee-service/pkg/middleware/logger.go:35\ngithub.com/ivorscott/employee-service/pkg/web.(*App).Handle.func1\n\t/Users/ivorscott/Code/employee-service/pkg/web/web.go:65\nnet/http.HandlerFunc.ServeHTTP\n\t/opt/homebrew/Cellar/go/1.17.2/libexec/src/net/http/server.go:2046\ngithub.com/gorilla/mux.(*Router).ServeHTTP\n\t/Users/ivorscott/go/pkg/mod/github.com/gorilla/mux@v1.8.0/mux.go:210\ngithub.com/ivorscott/employee-service/pkg/web.(*App).ServeHTTP\n\t/Users/ivorscott/Code/employee-service/pkg/web/web.go:79\nnet/http.serverHandler.ServeHTTP\n\t/opt/homebrew/Cellar/go/1.17.2/libexec/src/net/http/server.go:2878\nnet/http.(*conn).serve\n\t/opt/homebrew/Cellar/go/1.17.2/libexec/src/net/http/server.go:1929"}
{"level":"error","ts":1640302299.6346,"caller":"middleware/logger.go:35","msg":"","status":400,"method":"GET","endpoint":"/employees/jhg","duration_ms":0.000012667,"human_readable_duration":"12.708µs","stacktrace":"github.com/ivorscott/employee-service/pkg/middleware.Logger.func1.1\n\t/Users/ivorscott/Code/employee-service/pkg/middleware/logger.go:35\ngithub.com/ivorscott/employee-service/pkg/web.(*App).Handle.func1\n\t/Users/ivorscott/Code/employee-service/pkg/web/web.go:65\nnet/http.HandlerFunc.ServeHTTP\n\t/opt/homebrew/Cellar/go/1.17.2/libexec/src/net/http/server.go:2046\ngithub.com/gorilla/mux.(*Router).ServeHTTP\n\t/Users/ivorscott/go/pkg/mod/github.com/gorilla/mux@v1.8.0/mux.go:210\ngithub.com/ivorscott/employee-service/pkg/web.(*App).ServeHTTP\n\t/Users/ivorscott/Code/employee-service/pkg/web/web.go:79\nnet/http.serverHandler.ServeHTTP\n\t/opt/homebrew/Cellar/go/1.17.2/libexec/src/net/http/server.go:2878\nnet/http.(*conn).serve\n\t/opt/homebrew/Cellar/go/1.17.2/libexec/src/net/http/server.go:1929"}
{"level":"error","ts":1640302300.1950662,"caller":"middleware/logger.go:35","msg":"","status":400,"method":"GET","endpoint":"/employees/jhg","duration_ms":0.0000645,"human_readable_duration":"64.541µs","stacktrace":"github.com/ivorscott/employee-service/pkg/middleware.Logger.func1.1\n\t/Users/ivorscott/Code/employee-service/pkg/middleware/logger.go:35\ngithub.com/ivorscott/employee-service/pkg/web.(*App).Handle.func1\n\t/Users/ivorscott/Code/employee-service/pkg/web/web.go:65\nnet/http.HandlerFunc.ServeHTTP\n\t/opt/homebrew/Cellar/go/1.17.2/libexec/src/net/http/server.go:2046\ngithub.com/gorilla/mux.(*Router).ServeHTTP\n\t/Users/ivorscott/go/pkg/mod/github.com/gorilla/mux@v1.8.0/mux.go:210\ngithub.com/ivorscott/employee-service/pkg/web.(*App).ServeHTTP\n\t/Users/ivorscott/Code/employee-service/pkg/web/web.go:79\nnet/http.serverHandler.ServeHTTP\n\t/opt/homebrew/Cellar/go/1.17.2/libexec/src/net/http/server.go:2878\nnet/http.(*conn).serve\n\t/opt/homebrew/Cellar/go/1.17.2/libexec/src/net/http/server.go:1929"}
{"level":"error","ts":1640302300.7056031,"caller":"middleware/logger.go:35","msg":"","status":400,"method":"GET","endpoint":"/employees/jhg","duration_ms":0.000015834,"human_readable_duration":"15.875µs","stacktrace":"github.com/ivorscott/employee-service/pkg/middleware.Logger.func1.1\n\t/Users/ivorscott/Code/employee-service/pkg/middleware/logger.go:35\ngithub.com/ivorscott/employee-service/pkg/web.(*App).Handle.func1\n\t/Users/ivorscott/Code/employee-service/pkg/web/web.go:65\nnet/http.HandlerFunc.ServeHTTP\n\t/opt/homebrew/Cellar/go/1.17.2/libexec/src/net/http/server.go:2046\ngithub.com/gorilla/mux.(*Router).ServeHTTP\n\t/Users/ivorscott/go/pkg/mod/github.com/gorilla/mux@v1.8.0/mux.go:210\ngithub.com/ivorscott/employee-service/pkg/web.(*App).ServeHTTP\n\t/Users/ivorscott/Code/employee-service/pkg/web/web.go:79\nnet/http.serverHandler.ServeHTTP\n\t/opt/homebrew/Cellar/go/1.17.2/libexec/src/net/http/server.go:2878\nnet/http.(*conn).serve\n\t/opt/homebrew/Cellar/go/1.17.2/libexec/src/net/http/server.go:1929"}
{"level":"error","ts":1640302301.4477818,"caller":"middleware/logger.go:35","msg":"","status":400,"method":"GET","endpoint":"/employees/jhg","duration_ms":0.000011042,"human_readable_duration":"11.083µs","stacktrace":"github.com/ivorscott/employee-service/pkg/middleware.Logger.func1.1\n\t/Users/ivorscott/Code/employee-service/pkg/middleware/logger.go:35\ngithub.com/ivorscott/employee-service/pkg/web.(*App).Handle.func1\n\t/Users/ivorscott/Code/employee-service/pkg/web/web.go:65\nnet/http.HandlerFunc.ServeHTTP\n\t/opt/homebrew/Cellar/go/1.17.2/libexec/src/net/http/server.go:2046\ngithub.com/gorilla/mux.(*Router).ServeHTTP\n\t/Users/ivorscott/go/pkg/mod/github.com/gorilla/mux@v1.8.0/mux.go:210\ngithub.com/ivorscott/employee-service/pkg/web.(*App).ServeHTTP\n\t/Users/ivorscott/Code/employee-service/pkg/web/web.go:79\nnet/http.serverHandler.ServeHTTP\n\t/opt/homebrew/Cellar/go/1.17.2/libexec/src/net/http/server.go:2878\nnet/http.(*conn).serve\n\t/opt/homebrew/Cellar/go/1.17.2/libexec/src/net/http/server.go:1929"}
{"level":"info","ts":1640302304.521746,"caller":"middleware/logger.go:33","msg":"","status":200,"method":"GET","endpoint":"/employees/1","duration_ms":0.00001925,"human_readable_duration":"19.292µs"}
{"level":"info","ts":1640302305.018858,"caller":"middleware/logger.go:33","msg":"","status":200,"method":"GET","endpoint":"/employees/1","duration_ms":0.000031791,"human_readable_duration":"31.875µs"}
{"level":"info","ts":1640302305.447191,"caller":"middleware/logger.go:33","msg":"","status":200,"method":"GET","endpoint":"/employees/1","duration_ms":0.000014917,"human_readable_duration":"14.917µs"}
{"level":"info","ts":1640302305.916197,"caller":"middleware/logger.go:33","msg":"","status":200,"method":"GET","endpoint":"/employees/1","duration_ms":0.000019834,"human_readable_duration":"19.917µs"}
{"level":"info","ts":1640302306.4267561,"caller":"middleware/logger.go:33","msg":"","status":200,"method":"GET","endpoint":"/employees/1","duration_ms":0.000044125,"human_readable_duration":"44.208µs"}
{"level":"info","ts":1640302306.966306,"caller":"middleware/logger.go:33","msg":"","status":200,"method":"GET","endpoint":"/employees/1","duration_ms":0.000015,"human_readable_duration":"15µs"}
{"level":"info","ts":1640302307.906924,"caller":"middleware/logger.go:33","msg":"","status":200,"method":"GET","endpoint":"/employees/1","duration_ms":0.000083458,"human_readable_duration":"83.542µs"}
{"level":"info","ts":1640302308.673414,"caller":"middleware/logger.go:33","msg":"","status":200,"method":"GET","endpoint":"/employees/1","duration_ms":0.000026833,"human_readable_duration":"26.875µs"}
{"level":"info","ts":1640302311.02957,"caller":"middleware/logger.go:33","msg":"","status":200,"method":"GET","endpoint":"/employees/0","duration_ms":0.000018916,"human_readable_duration":"18.958µs"}
{"level":"info","ts":1640302311.710919,"caller":"middleware/logger.go:33","msg":"","status":200,"method":"GET","endpoint":"/employees/0","duration_ms":0.00001725,"human_readable_duration":"17.334µs"}
{"level":"info","ts":1640302312.159144,"caller":"middleware/logger.go:33","msg":"","status":200,"method":"GET","endpoint":"/employees/0","duration_ms":0.000020125,"human_readable_duration":"20.166µs"}
{"level":"info","ts":1640302312.619833,"caller":"middleware/logger.go:33","msg":"","status":200,"method":"GET","endpoint":"/employees/0","duration_ms":0.000037208,"human_readable_duration":"37.292µs"}
{"level":"info","ts":1640302313.045147,"caller":"middleware/logger.go:33","msg":"","status":200,"method":"GET","endpoint":"/employees/0","duration_ms":0.000014458,"human_readable_duration":"14.5µs"}
{"level":"info","ts":1640302313.550186,"caller":"middleware/logger.go:33","msg":"","status":200,"method":"GET","endpoint":"/employees/0","duration_ms":0.000014333,"human_readable_duration":"14.375µs"}
{"level":"info","ts":1640302314.003468,"caller":"middleware/logger.go:33","msg":"","status":200,"method":"GET","endpoint":"/employees/0","duration_ms":0.000015333,"human_readable_duration":"15.375µs"}
{"level":"info","ts":1640302314.459601,"caller":"middleware/logger.go:33","msg":"","status":200,"method":"GET","endpoint":"/employees/0","duration_ms":0.000082458,"human_readable_duration":"82.5µs"}
{"level":"info","ts":1640302314.897512,"caller":"middleware/logger.go:33","msg":"","status":200,"method":"GET","endpoint":"/employees/0","duration_ms":0.000023,"human_readable_duration":"23.167µs"}
{"level":"info","ts":1640302315.3503418,"caller":"middleware/logger.go:33","msg":"","status":200,"method":"GET","endpoint":"/employees/0","duration_ms":0.000015083,"human_readable_duration":"15.125µs"}
{"level":"info","ts":1640302315.8453481,"caller":"middleware/logger.go:33","msg":"","status":200,"method":"GET","endpoint":"/employees/0","duration_ms":0.000045875,"human_readable_duration":"45.958µs"}
{"level":"info","ts":1640302316.465295,"caller":"middleware/logger.go:33","msg":"","status":200,"method":"GET","endpoint":"/employees/0","duration_ms":0.0000345,"human_readable_duration":"34.542µs"}
{"level":"info","ts":1640302317.077104,"caller":"middleware/logger.go:33","msg":"","status":200,"method":"GET","endpoint":"/employees/0","duration_ms":0.000040542,"human_readable_duration":"40.625µs"}
{"level":"info","ts":1640302839.322741,"caller":"employee/main.go:63","msg":"Starting server..."}
